2019-04-04 15:52:29,045-Process-0-INFO-Total Number of Cores: 8
2019-04-04 15:52:29,045-Process-0-INFO-Total of 2500000 Twitter Data entries before scattering
2019-04-04 15:52:29,045-Process-0-INFO-IO takes: 0:03:53.155818 
2019-04-04 15:52:41,170-Process-4-INFO-Handling 312500 Twitter Data entries, 16 grids
2019-04-04 15:52:41,173-Process-6-INFO-Handling 312500 Twitter Data entries, 16 grids
2019-04-04 15:52:41,184-Process-5-INFO-Handling 312500 Twitter Data entries, 16 grids
2019-04-04 15:52:41,210-Process-3-INFO-Handling 312500 Twitter Data entries, 16 grids
2019-04-04 15:52:41,216-Process-1-INFO-Handling 312500 Twitter Data entries, 16 grids
2019-04-04 15:52:41,232-Process-2-INFO-Handling 312500 Twitter Data entries, 16 grids
2019-04-04 15:52:41,262-Process-7-INFO-Handling 312500 Twitter Data entries, 16 grids
2019-04-04 15:52:43,242-Process-0-INFO-Handling 312500 Twitter Data entries, 16 grids
2019-04-04 15:52:43,905-Process-6-INFO-Search takes: 0:00:02.720954 
2019-04-04 15:52:43,960-Process-4-INFO-Search takes: 0:00:02.778192 
2019-04-04 15:52:44,006-Process-1-INFO-Search takes: 0:00:02.779866 
2019-04-04 15:52:44,032-Process-3-INFO-Search takes: 0:00:02.810981 
2019-04-04 15:52:44,039-Process-5-INFO-Search takes: 0:00:02.844634 
2019-04-04 15:52:44,053-Process-7-INFO-Search takes: 0:00:02.782110 
2019-04-04 15:52:44,057-Process-2-INFO-Search takes: 0:00:02.814763 
2019-04-04 15:52:45,881-Process-0-INFO-Search takes: 0:00:02.636210 
2019-04-04 15:53:23,097-Process-0-INFO-Total of 2500000 Twitter Data entries after gathering
============================== Final Result ==============================
============================== total number of Twitter posts==============================
C2: 145096 posts
B2: 79633 posts
C3: 53299 posts
B3: 26550 posts
C4: 19699 posts
B1: 16507 posts
D4: 14497 posts
D3: 13388 posts
C1: 8415 posts
B4: 5450 posts
A3: 5036 posts
A2: 4165 posts
C5: 4105 posts
D5: 3248 posts
A1: 2533 posts
A4: 310 posts
============================== Top 5 Hashtags==============================
C2: (('#melbourne', 13467)('#job', 2127)('#australia', 1784)('#jobs', 1300)('#hiring', 986)) 
B2: (('#melbourne', 1028)('#auspol', 356)('#incident', 314)('#victraffic', 239)('#firealarm', 237)) 
C3: (('#melbourne', 614)('#incident', 317)('#victraffic', 297)('#firealarm', 232)('#structurefire', 219)) 
B3: (('#incident', 222)('#melbourne', 213)('#structurefire', 177)('#nonstructurefire', 159)('#firealarm', 158)) 
C4: (('#auspol', 281)('#incident', 195)('#structurefire', 179)('#savedallas', 177)('#victraffic', 144)) 
B1: (('#melbourne', 226)('#structurefire', 134)('#vote5sos', 130)('#nonstructurefire', 128)('#incident', 111)) 
D4: (('#nowplaying', 1730)('#karishmatannacraze', 83)('#victraffic', 79)('#structurefire', 70)('#noblepark', 69)) 
D3: (('#melbourne', 99)('#incident', 67)('#beach', 67)('#victraffic', 63)('#structurefire', 62)) 
C1: (('#jackfollowme', 148)('#incident', 112)('#jackdm', 111)('#structurefire', 98)('#camto4mill', 73)) 
B4: (('#melbourne', 60)('#nonstructurefire', 55)('#incident', 49)('#structurefire', 49)('#fire', 31)) 
A3: (('#raw', 40)('#structurefire', 38)('#saveconstantine', 30)('#nonstructurefire', 30)('#epping', 21)) 
A2: (('#krazykristmas', 177)('#nonstructurefire', 72)('#structurefire', 70)('#rcl1milliongiveaway', 59)('#egsholidaygiveaway', 57)) 
C5: (('#melbourne', 60)('#victraffic', 31)('#photo', 20)('#1000steps', 18)('#australia', 18)) 
D5: (('#lost', 30)('#cat', 28)('#somebodytocon', 27)('#melbourne', 25)('#findjasper', 23)) 
A1: (('#melbourne', 15)('#bbau', 15)('#tattoo', 14)('#worldjudo2014', 11)('#vobis', 11)) 
A4: (('#auspol', 7)('#lnp', 6)('#qldvotes', 6)('#libspill', 5)('#birthday', 3)) 
